\BOOKMARK [1][-]{section.1}{1. Introduction}{}% 1
\BOOKMARK [1][-]{section.2}{2. Preliminaries and problem setup}{}% 2
\BOOKMARK [2][-]{subsection.2.2}{2.2. Fundamental numerical methods and a posteriori bounds}{section.2}% 3
\BOOKMARK [1][-]{section.3}{3. General Systems}{}% 4
\BOOKMARK [2][-]{subsection.3.4}{3.4. Spatial discretisation}{section.3}% 5
\BOOKMARK [2][-]{subsection.3.7}{3.7. Temporal discretisation}{section.3}% 6
\BOOKMARK [1][-]{section.4}{4. WENO Schemes}{}% 7
\BOOKMARK [2][-]{subsection.4.4}{4.4. The WENO-3 scheme}{section.4}% 8
\BOOKMARK [1][-]{section.5}{5. General reconstructions}{}% 9
\BOOKMARK [2][-]{subsection.5.2}{5.2. Reconstruction Procedure}{section.5}% 10
\BOOKMARK [2][-]{subsection.5.7}{5.7. WENO approximation}{section.5}% 11
\BOOKMARK [1][-]{section.6}{6. Numerical verification}{}% 12
\BOOKMARK [2][-]{subsection.6.6}{6.6. Test 1: Scalar Inviscid Burgers' equation. }{section.6}% 13
\BOOKMARK [2][-]{subsection.6.7}{6.7. Test 2: Shallow Water equation. }{section.6}% 14
\BOOKMARK [2][-]{subsection.6.8}{6.8. Test 3: Parasite detection in 1D}{section.6}% 15
\BOOKMARK [1][-]{section.7}{7. Adaptive experiments}{}% 16
\BOOKMARK [2][-]{subsection.7.1}{7.1. Adaptive Algorithm}{section.7}% 17
\BOOKMARK [2][-]{subsection.7.4}{7.4. Marking}{section.7}% 18
\BOOKMARK [1][-]{section.8}{8. Adaptive experiments}{}% 19
\BOOKMARK [2][-]{subsection.8.3}{8.3. Linear advection}{section.8}% 20
\BOOKMARK [2][-]{subsection.8.4}{8.4. Shallow water equations}{section.8}% 21
\BOOKMARK [1][-]{section.9}{9. Conclusions}{}% 22
\BOOKMARK [1][-]{section*.13}{References}{}% 23
